<?xml version="1.0" encoding="UTF-8"?>
<!-- Generated by org.testng.reporters.JUnitReportReporter -->
<testsuite hostname="Gulsen-MacBook-Pro.local" failures="0" tests="2" name="localHs" time="1.582" errors="0" timestamp="2020-07-27T15:55:53 CDT" skipped="0">
  <testcase classname="localHs" name="get_test2a" time="1.563"/>
  <system-out/>
  <testcase classname="localHs" name="get_test2b" time="0.019"/>
  <system-out/>
</testsuite> <!-- localHs -->
