<?xml version="1.0" encoding="UTF-8"?>
<!-- Generated by org.testng.reporters.JUnitReportReporter -->
<testsuite hostname="Gulsen-MacBook-Pro.local" failures="0" tests="4" name="Post_Test" time="4.230" errors="0" timestamp="2020-07-26T15:17:25 CDT" skipped="0">
  <testcase classname="Post_Test" name="Test_post1" time="0.970"/>
  <system-out/>
  <testcase classname="Post_Test" name="Test_post2" time="0.509"/>
  <system-out/>
  <testcase classname="Post_Test" name="Test_patch" time="2.242"/>
  <system-out/>
  <testcase classname="Post_Test" name="Test_put1" time="0.509"/>
  <system-out/>
</testsuite> <!-- Post_Test -->
