<?xml version="1.0" encoding="UTF-8"?>
<!-- Generated by org.testng.reporters.JUnitReportReporter -->
<testsuite hostname="Gulsen-MacBook-Pro.local" failures="0" tests="1" name="Serilization" time="1.993" errors="0" timestamp="2020-08-01T20:19:10 CDT" skipped="0">
  <testcase classname="Serilization" name="Test1" time="1.993"/>
  <system-out/>
</testsuite> <!-- Serilization -->
