<?xml version="1.0" encoding="UTF-8"?>
<!-- Generated by org.testng.reporters.JUnitReportReporter -->
<testsuite hostname="Gulsen-MacBook-Pro.local" failures="0" tests="9" name="test" time="3.860" errors="0" timestamp="2020-07-26T12:15:36 CDT" skipped="0">
  <testcase classname="test" name="test9" time="0.196"/>
  <system-out/>
  <testcase classname="test" name="test8" time="0.202"/>
  <system-out/>
  <testcase classname="test" name="test1" time="1.871"/>
  <system-out/>
  <testcase classname="test" name="test3" time="0.696"/>
  <system-out/>
  <testcase classname="test" name="test2" time="0.189"/>
  <system-out/>
  <testcase classname="test" name="test4" time="0.169"/>
  <system-out/>
  <testcase classname="test" name="test7" time="0.190"/>
  <system-out/>
  <testcase classname="test" name="test5" time="0.143"/>
  <system-out/>
  <testcase classname="test" name="test6" time="0.204"/>
  <system-out/>
</testsuite> <!-- test -->
